
=== Mon Sep 23 14:06:46 2024

Packages were changed.
Update Mode: mergeDefaultDependencies

The following packages were added:
  com.unity.modules.ai@1.0.0
  com.unity.modules.androidjni@1.0.0
  com.unity.modules.animation@1.0.0
  com.unity.modules.assetbundle@1.0.0
  com.unity.modules.audio@1.0.0
  com.unity.modules.cloth@1.0.0
  com.unity.modules.director@1.0.0
  com.unity.modules.imageconversion@1.0.0
  com.unity.modules.imgui@1.0.0
  com.unity.modules.jsonserialize@1.0.0
  com.unity.modules.particlesystem@1.0.0
  com.unity.modules.physics@1.0.0
  com.unity.modules.physics2d@1.0.0
  com.unity.modules.screencapture@1.0.0
  com.unity.modules.terrain@1.0.0
  com.unity.modules.terrainphysics@1.0.0
  com.unity.modules.tilemap@1.0.0
  com.unity.modules.ui@1.0.0
  com.unity.modules.uielements@1.0.0
  com.unity.modules.umbra@1.0.0
  com.unity.modules.unityanalytics@1.0.0
  com.unity.modules.unitywebrequest@1.0.0
  com.unity.modules.unitywebrequestassetbundle@1.0.0
  com.unity.modules.unitywebrequestaudio@1.0.0
  com.unity.modules.unitywebrequesttexture@1.0.0
  com.unity.modules.unitywebrequestwww@1.0.0
  com.unity.modules.vehicles@1.0.0
  com.unity.modules.video@1.0.0
  com.unity.modules.vr@1.0.0
  com.unity.modules.wind@1.0.0
  com.unity.modules.xr@1.0.0
The following packages were updated:
  com.unity.collab-proxy from version 1.13.5 to 2.3.1
  com.unity.timeline from version 1.6.2 to 1.7.6
  com.unity.visualscripting from version 1.7.6 to 1.9.4

=== Tue Sep 24 11:38:17 2024

Packages were changed.
Update Mode: updateDependencies

The following packages were updated:
  com.unity.2d.animation from version 5.1.1 to 9.1.1
  com.unity.2d.pixel-perfect from version 4.0.1 to 5.0.3
  com.unity.2d.psdimporter from version 4.2.0 to 8.0.5
  com.unity.2d.spriteshape from version 5.2.0 to 9.0.3
  com.unity.collab-proxy from version 1.15.13 to 2.3.1
  com.unity.ide.rider from version 2.0.7 to 3.0.28
  com.unity.ide.visualstudio from version 2.0.14 to 2.0.22
  com.unity.test-framework from version 1.1.31 to 1.1.33
  com.unity.timeline from version 1.4.8 to 1.7.6

=== Tue Sep 24 11:38:17 2024

Packages were changed.
Update Mode: mergeDefaultDependencies

The following packages were added:
  com.unity.2d.animation@9.1.1
  com.unity.2d.pixel-perfect@5.0.3
  com.unity.2d.psdimporter@8.0.5
  com.unity.2d.sprite@1.0.0
  com.unity.2d.spriteshape@9.0.3
  com.unity.2d.tilemap@1.0.0
  com.unity.ide.rider@3.0.28
  com.unity.ide.visualstudio@2.0.22
  com.unity.ide.vscode@1.2.5
  com.unity.test-framework@1.1.33

=== Fri Oct 11 16:51:09 2024

Packages were changed.
Update Mode: updateDependencies

The following packages were updated:
  com.unity.ide.rider from version 3.0.21 to 3.0.28
  com.unity.ide.visualstudio from version 2.0.18 to 2.0.22
  com.unity.postprocessing from version 3.2.2 to 3.4.0
  com.unity.testtools.codecoverage from version 1.2.3 to 1.2.5
  com.unity.timeline from version 1.7.4 to 1.7.6
  com.unity.visualscripting from version 1.8.0 to 1.9.4

=== Fri Oct 11 16:51:10 2024

Packages were changed.
Update Mode: mergeDefaultDependencies

The following packages were added:
  com.unity.editorcoroutines@1.0.0
  com.unity.ext.nunit@1.0.6
  com.unity.performance.profile-analyzer@1.2.2
  com.unity.postprocessing@3.4.0
  com.unity.settings-manager@2.0.1
  com.unity.testtools.codecoverage@1.2.5
  com.unity.modules.subsystems@1.0.0

=== Fri Oct 11 16:54:04 2024

Packages were changed.
Update Mode: updateDependencies

The following packages were updated:
  com.unity.burst from version 1.8.4 to 1.8.15
  com.unity.ide.rider from version 3.0.21 to 3.0.28
  com.unity.ide.visualstudio from version 2.0.18 to 2.0.22
  com.unity.postprocessing from version 3.2.2 to 3.4.0
  com.unity.render-pipelines.core from version 14.0.7 to 14.0.11
  com.unity.render-pipelines.universal from version 14.0.7 to 14.0.11
  com.unity.shadergraph from version 14.0.7 to 14.0.11
  com.unity.timeline from version 1.7.4 to 1.7.6
  com.unity.visualscripting from version 1.8.0 to 1.9.4

=== Fri Oct 11 16:54:04 2024

Packages were changed.
Update Mode: mergeDefaultDependencies

The following packages were added:
  com.unity.burst@1.8.15
  com.unity.mathematics@1.2.6
  com.unity.render-pipelines.core@14.0.11
  com.unity.render-pipelines.universal@14.0.11
  com.unity.searcher@4.9.2

=== Wed Oct 23 09:36:35 2024

Packages were changed.
Update Mode: updateDependencies

The following packages were updated:
  com.unity.cinemachine from version 2.9.1 to 2.10.0
  com.unity.collab-proxy from version 1.17.2 to 2.3.1
  com.unity.ide.rider from version 3.0.15 to 3.0.28
  com.unity.ide.visualstudio from version 2.0.16 to 2.0.22
  com.unity.render-pipelines.universal from version 12.1.7 to 14.0.11
  com.unity.terrain-tools from version 4.0.3 to 5.0.1
  com.unity.timeline from version 1.6.4 to 1.7.6
  com.unity.visualeffectgraph from version 12.1.7 to 14.0.11
  com.unity.visualscripting from version 1.7.8 to 1.9.4

=== Wed Oct 23 09:36:35 2024

Packages were changed.
Update Mode: mergeDefaultDependencies

The following packages were added:
  com.unity.terrain-tools@5.0.1
  com.unity.visualeffectgraph@14.0.11

=== Wed Oct 23 10:27:36 2024

Packages were changed.
Update Mode: updateDependencies

The following packages were updated:
  com.unity.ai.navigation from version 1.1.1 to 1.1.5
  com.unity.ide.visualstudio from version 2.0.17 to 2.0.22
  com.unity.probuilder from version 5.0.4 to 5.2.2
  com.unity.render-pipelines.high-definition from version 14.0.6 to 14.0.11
  com.unity.timeline from version 1.7.3 to 1.7.6

=== Wed Oct 23 10:27:36 2024

Packages were changed.
Update Mode: mergeDefaultDependencies

The following packages were added:
  com.unity.ai.navigation@1.1.5
  com.unity.probuilder@5.2.2
  com.unity.render-pipelines.high-definition@14.0.11
  com.unity.modules.nvidia@1.0.0

=== Wed Oct 23 10:34:37 2024

Packages were changed.
Update Mode: updateDependencies

The following packages were updated:
  com.unity.ai.navigation from version 1.1.1 to 1.1.5
  com.unity.ide.visualstudio from version 2.0.17 to 2.0.22
  com.unity.probuilder from version 5.0.4 to 5.2.2
  com.unity.render-pipelines.high-definition from version 14.0.6 to 14.0.11
  com.unity.timeline from version 1.7.3 to 1.7.6

=== Wed Oct 23 10:43:54 2024

Packages were changed.
Update Mode: updateDependencies

The following packages were updated:
  com.unity.ai.navigation from version 1.1.1 to 1.1.5
  com.unity.ide.visualstudio from version 2.0.17 to 2.0.22
  com.unity.probuilder from version 5.0.4 to 5.2.2
  com.unity.render-pipelines.high-definition from version 14.0.6 to 14.0.11
  com.unity.timeline from version 1.7.3 to 1.7.6

=== Wed Oct 23 11:25:17 2024

Packages were changed.
Update Mode: updateDependencies

The following packages were updated:
  com.unity.collab-proxy from version 1.13.5 to 2.3.1
  com.unity.ide.rider from version 3.0.7 to 3.0.28
  com.unity.ide.visualstudio from version 2.0.11 to 2.0.22
  com.unity.ide.vscode from version 1.2.4 to 1.2.5
  com.unity.render-pipelines.high-definition from version 12.1.0 to 14.0.11
  com.unity.render-pipelines.universal from version 12.1.0 to 14.0.11
  com.unity.shadergraph from version 12.1.0 to 14.0.11
  com.unity.test-framework from version 1.1.29 to 1.1.33
  com.unity.timeline from version 1.6.2 to 1.7.6
  com.unity.visualscripting from version 1.7.2 to 1.9.4

=== Wed Oct 23 11:25:17 2024

Packages were changed.
Update Mode: mergeDefaultDependencies

The following packages were added:
  com.unity.render-pipelines.high-definition@14.0.11

=== Wed Oct 23 11:39:12 2024

Packages were changed.
Update Mode: updateDependencies

The following packages were updated:
  com.unity.cinemachine from version 2.9.1 to 2.10.0
  com.unity.collab-proxy from version 1.17.2 to 2.3.1
  com.unity.ide.rider from version 3.0.15 to 3.0.28
  com.unity.ide.visualstudio from version 2.0.16 to 2.0.22
  com.unity.render-pipelines.universal from version 12.1.7 to 14.0.11
  com.unity.terrain-tools from version 4.0.3 to 5.0.1
  com.unity.timeline from version 1.6.4 to 1.7.6
  com.unity.visualeffectgraph from version 12.1.7 to 14.0.11
  com.unity.visualscripting from version 1.7.8 to 1.9.4

=== Mon Oct 28 14:53:59 2024

Packages were changed.
Update Mode: updateDependencies

The following packages were updated:
  com.unity.collab-proxy from version 1.13.5 to 2.3.1
  com.unity.ide.rider from version 3.0.7 to 3.0.28
  com.unity.ide.visualstudio from version 2.0.11 to 2.0.22
  com.unity.ide.vscode from version 1.2.4 to 1.2.5
  com.unity.render-pipelines.high-definition from version 12.1.0 to 14.0.11
  com.unity.render-pipelines.universal from version 12.1.0 to 14.0.11
  com.unity.shadergraph from version 12.1.0 to 14.0.11
  com.unity.test-framework from version 1.1.29 to 1.1.33
  com.unity.timeline from version 1.6.2 to 1.7.6
  com.unity.visualscripting from version 1.7.2 to 1.9.4

=== Mon Oct 28 14:53:59 2024

Packages were changed.
Update Mode: mergeDefaultDependencies

The following packages were added:
  com.unity.render-pipelines.high-definition@14.0.11

=== Wed Oct 30 15:24:11 2024

Packages were changed.
Update Mode: updateDependencies

The following packages were updated:
  com.unity.burst from version 1.8.4 to 1.8.15
  com.unity.ide.rider from version 3.0.21 to 3.0.28
  com.unity.ide.visualstudio from version 2.0.18 to 2.0.22
  com.unity.postprocessing from version 3.2.2 to 3.4.0
  com.unity.render-pipelines.core from version 14.0.7 to 14.0.11
  com.unity.render-pipelines.universal from version 14.0.7 to 14.0.11
  com.unity.shadergraph from version 14.0.7 to 14.0.11
  com.unity.timeline from version 1.7.4 to 1.7.6
  com.unity.visualscripting from version 1.8.0 to 1.9.4
